#x, density velocity temperature pressure Mach-number itime =     2001 time =   0.200000E+00
  0.500000E-02  0.100000E+01  0.514031E-12  0.140000E+01  0.100000E+01  0.434435E-12  0.000000E+00
  0.150000E-01  0.100000E+01  0.239883E-11  0.140000E+01  0.100000E+01  0.202738E-11  0.000000E+00
  0.250000E-01  0.100000E+01  0.914963E-11  0.140000E+01  0.100000E+01  0.773285E-11  0.000000E+00
  0.350000E-01  0.100000E+01  0.345266E-10  0.140000E+01  0.100000E+01  0.291803E-10  0.000000E+00
  0.450000E-01  0.100000E+01  0.127130E-09  0.140000E+01  0.100000E+01  0.107445E-09  0.000000E+00
  0.550000E-01  0.100000E+01  0.456517E-09  0.140000E+01  0.100000E+01  0.385827E-09  0.000000E+00
  0.650000E-01  0.100000E+01  0.159718E-08  0.140000E+01  0.100000E+01  0.134986E-08  0.000000E+00
  0.750000E-01  0.100000E+01  0.543942E-08  0.140000E+01  0.100000E+01  0.459715E-08  0.000000E+00
  0.850000E-01  0.100000E+01  0.180158E-07  0.140000E+01  0.100000E+01  0.152261E-07  0.000000E+00
  0.950000E-01  0.100000E+01  0.579731E-07  0.140000E+01  0.100000E+01  0.489962E-07  0.000000E+00
  0.105000E+00  0.100000E+01  0.181053E-06  0.140000E+01  0.100000E+01  0.153018E-06  0.000000E+00
  0.115000E+00  0.100000E+01  0.548133E-06  0.140000E+01  0.999999E+00  0.463257E-06  0.000000E+00
  0.125000E+00  0.999999E+00  0.160660E-05  0.140000E+01  0.999998E+00  0.135783E-05  0.000000E+00
  0.135000E+00  0.999996E+00  0.455262E-05  0.140000E+01  0.999995E+00  0.384767E-05  0.000000E+00
  0.145000E+00  0.999989E+00  0.124526E-04  0.139999E+01  0.999985E+00  0.105244E-04  0.000000E+00
  0.155000E+00  0.999972E+00  0.328205E-04  0.139998E+01  0.999961E+00  0.277385E-04  0.000000E+00
  0.165000E+00  0.999930E+00  0.831870E-04  0.139996E+01  0.999902E+00  0.703069E-04  0.000000E+00
  0.175000E+00  0.999829E+00  0.202313E-03  0.139990E+01  0.999761E+00  0.170992E-03  0.000000E+00
  0.185000E+00  0.999602E+00  0.470930E-03  0.139978E+01  0.999443E+00  0.398040E-03  0.000000E+00
  0.195000E+00  0.999116E+00  0.104622E-02  0.139951E+01  0.998763E+00  0.884372E-03  0.000000E+00
  0.205000E+00  0.998132E+00  0.221141E-02  0.139895E+01  0.997386E+00  0.186968E-02  0.000000E+00
  0.215000E+00  0.996258E+00  0.443264E-02  0.139790E+01  0.994767E+00  0.374908E-02  0.000000E+00
  0.225000E+00  0.992920E+00  0.839820E-02  0.139603E+01  0.990106E+00  0.710785E-02  0.000000E+00
  0.235000E+00  0.987382E+00  0.149972E-01  0.139292E+01  0.982391E+00  0.127071E-01  0.000000E+00
  0.245000E+00  0.978872E+00  0.251965E-01  0.138813E+01  0.970571E+00  0.213858E-01  0.000000E+00
  0.255000E+00  0.966772E+00  0.398177E-01  0.138127E+01  0.953841E+00  0.338794E-01  0.000000E+00
  0.265000E+00  0.950837E+00  0.592979E-01  0.137218E+01  0.931939E+00  0.506214E-01  0.000000E+00
  0.275000E+00  0.931282E+00  0.835639E-01  0.136089E+01  0.905264E+00  0.716321E-01  0.000000E+00
  0.285000E+00  0.908701E+00  0.112100E+00  0.134767E+01  0.874737E+00  0.965638E-01  0.000000E+00
  0.295000E+00  0.883856E+00  0.144166E+00  0.133290E+01  0.841492E+00  0.124872E+00  0.000000E+00
  0.305000E+00  0.857470E+00  0.179035E+00  0.131690E+01  0.806573E+00  0.156013E+00  0.000000E+00
  0.315000E+00  0.830160E+00  0.216149E+00  0.129985E+01  0.770775E+00  0.189586E+00  0.000000E+00
  0.325000E+00  0.802590E+00  0.254433E+00  0.128224E+01  0.735079E+00  0.224693E+00  0.000000E+00
  0.335000E+00  0.775283E+00  0.293378E+00  0.126463E+01  0.700320E+00  0.260882E+00  0.000000E+00
  0.345000E+00  0.748509E+00  0.332657E+00  0.124701E+01  0.666713E+00  0.297894E+00  0.000000E+00
  0.355000E+00  0.722376E+00  0.372102E+00  0.122945E+01  0.634373E+00  0.335589E+00  0.000000E+00
  0.365000E+00  0.696974E+00  0.411582E+00  0.121200E+01  0.603383E+00  0.373855E+00  0.000000E+00
  0.375000E+00  0.672351E+00  0.451029E+00  0.119473E+01  0.573772E+00  0.412638E+00  0.000000E+00
  0.385000E+00  0.648438E+00  0.490283E+00  0.117760E+01  0.545427E+00  0.451802E+00  0.000000E+00
  0.395000E+00  0.625374E+00  0.529519E+00  0.116071E+01  0.518483E+00  0.491496E+00  0.000000E+00
  0.405000E+00  0.603125E+00  0.568605E+00  0.114407E+01  0.492869E+00  0.531599E+00  0.000000E+00
  0.415000E+00  0.581477E+00  0.607039E+00  0.112754E+01  0.468315E+00  0.571676E+00  0.000000E+00
  0.425000E+00  0.560715E+00  0.645057E+00  0.111136E+01  0.445111E+00  0.611887E+00  0.000000E+00
  0.435000E+00  0.541314E+00  0.683262E+00  0.109594E+01  0.423750E+00  0.652670E+00  0.000000E+00
  0.445000E+00  0.522605E+00  0.719861E+00  0.108082E+01  0.403457E+00  0.692425E+00  0.000000E+00
  0.455000E+00  0.504481E+00  0.753705E+00  0.106586E+01  0.384077E+00  0.730046E+00  0.000000E+00
  0.465000E+00  0.488706E+00  0.787505E+00  0.105258E+01  0.367432E+00  0.767582E+00  0.000000E+00
  0.475000E+00  0.475216E+00  0.820047E+00  0.104099E+01  0.353353E+00  0.803741E+00  0.000000E+00
  0.485000E+00  0.461928E+00  0.845542E+00  0.102920E+01  0.339582E+00  0.833463E+00  0.000000E+00
  0.495000E+00  0.450582E+00  0.866649E+00  0.101878E+01  0.327887E+00  0.858625E+00  0.000000E+00
  0.505000E+00  0.443284E+00  0.887801E+00  0.101207E+01  0.320453E+00  0.882491E+00  0.000000E+00
  0.515000E+00  0.437775E+00  0.904459E+00  0.100754E+01  0.315053E+00  0.901070E+00  0.000000E+00
  0.525000E+00  0.432054E+00  0.912911E+00  0.100346E+01  0.309677E+00  0.911337E+00  0.000000E+00
  0.535000E+00  0.427571E+00  0.917557E+00  0.100100E+01  0.305712E+00  0.917100E+00  0.000000E+00
  0.545000E+00  0.425616E+00  0.922461E+00  0.100033E+01  0.304111E+00  0.922310E+00  0.000000E+00
  0.555000E+00  0.425235E+00  0.926907E+00  0.100035E+01  0.303846E+00  0.926744E+00  0.000000E+00
  0.565000E+00  0.425039E+00  0.929080E+00  0.999982E+00  0.303594E+00  0.929088E+00  0.000000E+00
  0.575000E+00  0.424660E+00  0.929321E+00  0.998842E+00  0.302977E+00  0.929860E+00  0.000000E+00
  0.585000E+00  0.424216E+00  0.928674E+00  0.997796E+00  0.302343E+00  0.929699E+00  0.000000E+00
  0.595000E+00  0.423847E+00  0.928343E+00  0.997903E+00  0.302113E+00  0.929318E+00  0.000000E+00
  0.605000E+00  0.423437E+00  0.928480E+00  0.999053E+00  0.302168E+00  0.928921E+00  0.000000E+00
  0.615000E+00  0.422633E+00  0.928895E+00  0.100189E+01  0.302452E+00  0.928018E+00  0.000000E+00
  0.625000E+00  0.420592E+00  0.929237E+00  0.100773E+01  0.302746E+00  0.925664E+00  0.000000E+00
  0.635000E+00  0.416243E+00  0.929157E+00  0.101864E+01  0.302859E+00  0.920614E+00  0.000000E+00
  0.645000E+00  0.408694E+00  0.928734E+00  0.103747E+01  0.302862E+00  0.911808E+00  0.000000E+00
  0.655000E+00  0.397172E+00  0.928117E+00  0.106725E+01  0.302772E+00  0.898402E+00  0.000000E+00
  0.665000E+00  0.381103E+00  0.927714E+00  0.111207E+01  0.302723E+00  0.879728E+00  0.000000E+00
  0.675000E+00  0.359928E+00  0.927564E+00  0.117769E+01  0.302774E+00  0.854728E+00  0.000000E+00
  0.685000E+00  0.334123E+00  0.927624E+00  0.126918E+01  0.302901E+00  0.823400E+00  0.000000E+00
  0.695000E+00  0.308618E+00  0.927821E+00  0.137471E+01  0.303043E+00  0.791332E+00  0.000000E+00
  0.705000E+00  0.289832E+00  0.927871E+00  0.146412E+01  0.303106E+00  0.766830E+00  0.000000E+00
  0.715000E+00  0.277128E+00  0.927758E+00  0.153129E+01  0.303116E+00  0.749732E+00  0.000000E+00
  0.725000E+00  0.269293E+00  0.927502E+00  0.157561E+01  0.303073E+00  0.738908E+00  0.000000E+00
  0.735000E+00  0.265017E+00  0.927120E+00  0.160050E+01  0.302971E+00  0.732838E+00  0.000000E+00
  0.745000E+00  0.263105E+00  0.926909E+00  0.161185E+01  0.302918E+00  0.730087E+00  0.000000E+00
  0.755000E+00  0.262526E+00  0.926883E+00  0.161546E+01  0.302928E+00  0.729250E+00  0.000000E+00
  0.765000E+00  0.262543E+00  0.926982E+00  0.161561E+01  0.302977E+00  0.729294E+00  0.000000E+00
  0.775000E+00  0.262953E+00  0.927232E+00  0.161358E+01  0.303068E+00  0.729951E+00  0.000000E+00
  0.785000E+00  0.263748E+00  0.927286E+00  0.160884E+01  0.303092E+00  0.731067E+00  0.000000E+00
  0.795000E+00  0.264477E+00  0.927085E+00  0.160408E+01  0.303029E+00  0.731993E+00  0.000000E+00
  0.805000E+00  0.264777E+00  0.926084E+00  0.160049E+01  0.302695E+00  0.732020E+00  0.000000E+00
  0.815000E+00  0.264562E+00  0.922578E+00  0.159557E+01  0.301520E+00  0.730373E+00  0.000000E+00
  0.825000E+00  0.262680E+00  0.911459E+00  0.158723E+01  0.297809E+00  0.723465E+00  0.000000E+00
  0.835000E+00  0.255703E+00  0.877490E+00  0.156938E+01  0.286640E+00  0.700451E+00  0.000000E+00
  0.845000E+00  0.235428E+00  0.779669E+00  0.151810E+01  0.255288E+00  0.632792E+00  0.000000E+00
  0.855000E+00  0.190975E+00  0.516396E+00  0.138773E+01  0.189302E+00  0.438359E+00  0.000000E+00
  0.865000E+00  0.141685E+00  0.144710E+00  0.119247E+01  0.120682E+00  0.132518E+00  0.000000E+00
  0.875000E+00  0.128011E+00  0.261382E-01  0.113199E+01  0.103505E+00  0.245671E-01  0.000000E+00
  0.885000E+00  0.125504E+00  0.430646E-02  0.112187E+01  0.100571E+00  0.406583E-02  0.000000E+00
  0.895000E+00  0.125082E+00  0.695508E-03  0.112030E+01  0.100092E+00  0.657106E-03  0.000000E+00
  0.905000E+00  0.125013E+00  0.111895E-03  0.112005E+01  0.100015E+00  0.105729E-03  0.000000E+00
  0.915000E+00  0.125002E+00  0.179757E-04  0.112001E+01  0.100002E+00  0.169854E-04  0.000000E+00
  0.925000E+00  0.125000E+00  0.288367E-05  0.112000E+01  0.100000E+00  0.272481E-05  0.000000E+00
  0.935000E+00  0.125000E+00  0.461833E-06  0.112000E+01  0.100000E+00  0.436391E-06  0.000000E+00
  0.945000E+00  0.125000E+00  0.738228E-07  0.112000E+01  0.100000E+00  0.697560E-07  0.000000E+00
  0.955000E+00  0.125000E+00  0.117749E-07  0.112000E+01  0.100000E+00  0.111262E-07  0.000000E+00
  0.965000E+00  0.125000E+00  0.187361E-08  0.112000E+01  0.100000E+00  0.177039E-08  0.000000E+00
  0.975000E+00  0.125000E+00  0.297321E-09  0.112000E+01  0.100000E+00  0.280942E-09  0.000000E+00
  0.985000E+00  0.125000E+00  0.471813E-10  0.112000E+01  0.100000E+00  0.445822E-10  0.000000E+00
  0.995000E+00  0.125000E+00  0.656718E-11  0.112000E+01  0.100000E+00  0.620540E-11  0.000000E+00
